<?xml version="1.0" encoding="UTF-8"?>
<coverage generated="1670793817965" clover="3.2.0">
  <project timestamp="1670793817965" name="All files">
    <metrics statements="11" coveredstatements="7" conditionals="3" coveredconditionals="2" methods="1" coveredmethods="1" elements="15" coveredelements="10" complexity="0" loc="11" ncloc="11" packages="1" files="1" classes="1"/>
    <file name="signup.ts" path="C:\Users\pedro\Projetos\clean-node-api\src\presentation\controllers\signup.ts">
      <metrics statements="11" coveredstatements="7" conditionals="3" coveredconditionals="2" methods="1" coveredmethods="1"/>
      <line num="1" count="1" type="stmt"/>
      <line num="3" count="1" type="stmt"/>
      <line num="5" count="1" type="stmt"/>
      <line num="7" count="2" type="cond" truecount="1" falsecount="0"/>
      <line num="8" count="1" type="stmt"/>
      <line num="11" count="1" type="cond" truecount="1" falsecount="0"/>
      <line num="12" count="1" type="stmt"/>
      <line num="15" count="0" type="stmt"/>
      <line num="16" count="0" type="stmt"/>
      <line num="17" count="0" type="cond" truecount="0" falsecount="1"/>
      <line num="18" count="0" type="stmt"/>
    </file>
  </project>
</coverage>
