TN:
SF:src\presentation\controllers\signup.ts
FN:10,(anonymous_0)
FN:14,(anonymous_1)
FNF:2
FNH:2
FNDA:5,(anonymous_0)
FNDA:5,(anonymous_1)
DA:1,1
DA:3,1
DA:6,1
DA:8,1
DA:11,5
DA:15,5
DA:16,5
DA:17,14
DA:18,4
DA:21,1
DA:23,1
DA:24,1
LF:12
LH:12
BRDA:17,0,0,4
BRDA:23,1,0,1
BRF:2
BRH:2
end_of_record
TN:
SF:src\presentation\erros\invalid-param-error.ts
FN:2,(anonymous_0)
FNF:1
FNH:1
FNDA:2,(anonymous_0)
DA:1,1
DA:3,2
DA:4,2
LF:3
LH:3
BRF:0
BRH:0
end_of_record
TN:
SF:src\presentation\erros\missing-param-error.ts
FN:2,(anonymous_0)
FNF:1
FNH:1
FNDA:8,(anonymous_0)
DA:1,1
DA:3,8
DA:4,8
LF:3
LH:3
BRF:0
BRH:0
end_of_record
